[ 2022-10-27T19:46:55+08:00 ] 127.0.0.1 /index.php/AllData
INFO: [ app_init ] --START--
INFO: Run Behavior\BuildLiteBehavior [ RunTime:0.000004s ]
INFO: [ app_init ] --END-- [ RunTime:0.000229s ]
ERR: 无法加载模块:AllData

[ 2022-10-27T19:55:33+08:00 ] 127.0.0.1 /index.php/AllData
INFO: [ app_init ] --START--
INFO: Run Behavior\BuildLiteBehavior [ RunTime:0.000011s ]
INFO: [ app_init ] --END-- [ RunTime:0.000278s ]
ERR: 无法加载模块:AllData

[ 2022-10-27T20:43:28+08:00 ] 127.0.0.1 /index.php/application/Home/alldata
INFO: [ app_init ] --START--
INFO: Run Behavior\BuildLiteBehavior [ RunTime:0.000004s ]
INFO: [ app_init ] --END-- [ RunTime:0.000215s ]
ERR: 无法加载模块:Application

[ 2022-10-27T22:46:45+08:00 ] 127.0.0.1 /index.php/Public/img/111.jpeg
INFO: [ app_init ] --START--
INFO: Run Behavior\BuildLiteBehavior [ RunTime:0.000005s ]
INFO: [ app_init ] --END-- [ RunTime:0.000234s ]
ERR: 无法加载模块:Public

